<?xml version="1.0" encoding="UTF-8"?>
<!-- Generated by org.testng.reporters.JUnitReportReporter -->
<testsuite skipped="0" hostname="Sudeep-PC" name="com.xero.Xero.XeroScriptsTest" tests="13" failures="0" timestamp="03 Oct 2019 22:33:37 GMT" time="420.779" errors="0">
  <testcase name="TC01_A" time="34.391" classname="com.xero.Xero.XeroScriptsTest"/>
  <testcase name="TC01_B" time="29.113" classname="com.xero.Xero.XeroScriptsTest"/>
  <testcase name="TC01_C" time="30.230" classname="com.xero.Xero.XeroScriptsTest"/>
  <testcase name="TC01_D" time="25.717" classname="com.xero.Xero.XeroScriptsTest"/>
  <testcase name="TC02_A" time="39.001" classname="com.xero.Xero.XeroScriptsTest"/>
  <testcase name="TC02_B" time="29.850" classname="com.xero.Xero.XeroScriptsTest"/>
  <testcase name="TC02_C" time="29.823" classname="com.xero.Xero.XeroScriptsTest"/>
  <testcase name="TC02_D" time="19.476" classname="com.xero.Xero.XeroScriptsTest"/>
  <testcase name="TC02_E" time="20.455" classname="com.xero.Xero.XeroScriptsTest"/>
  <testcase name="TC03_A" time="55.799" classname="com.xero.Xero.XeroScriptsTest"/>
  <testcase name="TC04_A" time="30.595" classname="com.xero.Xero.XeroScriptsTest"/>
  <testcase name="TC06_A" time="37.857" classname="com.xero.Xero.XeroScriptsTest"/>
  <testcase name="TC10_A" time="38.472" classname="com.xero.Xero.XeroScriptsTest"/>
</testsuite> <!-- com.xero.Xero.XeroScriptsTest -->
