<?xml version="1.0" encoding="UTF-8"?>
<!-- Generated by org.testng.reporters.JUnitReportReporter -->
<testsuite skipped="0" hostname="Sudeep-PC" name="com.xero.Xero.XeroScripts" tests="1" failures="0" timestamp="02 Oct 2019 23:34:02 GMT" time="41.492" errors="0">
  <testcase name="TC01_A" time="41.492" classname="com.xero.Xero.XeroScripts"/>
</testsuite> <!-- com.xero.Xero.XeroScripts -->
